[0.207s] Invoking command in '/home/echo/Desktop/test/src/build/example': CMAKE_PREFIX_PATH=/opt/ros/humble /usr/local/bin/cmake --build /home/echo/Desktop/test/src/build/example -- -j12 -l12
[0.336s] [ 50%] [32mBuilding CXX object CMakeFiles/example.dir/src/example.cpp.o[0m
[1.187s] [01m[K/home/echo/Desktop/test/src/example/src/example.cpp:3:9:[m[K [01;31m[Kfatal error: [m[Kturtlesim/msg/Pose.h: No such file or directory
[1.187s]     3 | #include[01;31m[K"turtlesim/msg/Pose.h"[m[K
[1.188s]       |         [01;31m[K^~~~~~~~~~~~~~~~~~~~~~[m[K
[1.192s] compilation terminated.
[1.202s] gmake[2]: *** [CMakeFiles/example.dir/build.make:76: CMakeFiles/example.dir/src/example.cpp.o] Error 1
[1.204s] gmake[1]: *** [CMakeFiles/Makefile2:137: CMakeFiles/example.dir/all] Error 2
[1.204s] gmake: *** [Makefile:146: all] Error 2
[1.214s] Invoked command in '/home/echo/Desktop/test/src/build/example' returned '2': CMAKE_PREFIX_PATH=/opt/ros/humble /usr/local/bin/cmake --build /home/echo/Desktop/test/src/build/example -- -j12 -l12
