[0.158s] Invoking command in '/home/echo/Desktop/test/build/example': CMAKE_PREFIX_PATH=/opt/ros/humble /usr/local/bin/cmake /home/echo/Desktop/test/src/example -DCMAKE_INSTALL_PREFIX=/home/echo/Desktop/test/install/example
[1.719s] -- The C compiler identification is GNU 11.4.0
[2.559s] -- The CXX compiler identification is GNU 11.4.0
[2.656s] -- Detecting C compiler ABI info
[3.183s] -- Detecting C compiler ABI info - done
[3.216s] -- Check for working C compiler: /usr/bin/cc - skipped
[3.218s] -- Detecting C compile features
[3.220s] -- Detecting C compile features - done
[3.269s] -- Detecting CXX compiler ABI info
[3.697s] -- Detecting CXX compiler ABI info - done
[3.732s] -- Check for working CXX compiler: /usr/bin/c++ - skipped
[3.733s] -- Detecting CXX compile features
[3.734s] -- Detecting CXX compile features - done
[3.749s] -- Found ament_cmake: 1.3.6 (/opt/ros/humble/share/ament_cmake/cmake)
[5.443s] -- Found Python3: /usr/bin/python3.10 (found version "3.10.12") found components: Interpreter 
[5.868s] -- Found rclcpp: 16.0.7 (/opt/ros/humble/share/rclcpp/cmake)
[6.123s] -- Found rosidl_generator_c: 3.1.5 (/opt/ros/humble/share/rosidl_generator_c/cmake)
[6.148s] -- Found rosidl_adapter: 3.1.5 (/opt/ros/humble/share/rosidl_adapter/cmake)
[6.205s] -- Found rosidl_generator_cpp: 3.1.5 (/opt/ros/humble/share/rosidl_generator_cpp/cmake)
[6.293s] -- Using all available rosidl_typesupport_c: rosidl_typesupport_fastrtps_c;rosidl_typesupport_introspection_c
[6.401s] -- Using all available rosidl_typesupport_cpp: rosidl_typesupport_fastrtps_cpp;rosidl_typesupport_introspection_cpp
[6.731s] -- Found rmw_implementation_cmake: 6.1.1 (/opt/ros/humble/share/rmw_implementation_cmake/cmake)
[6.749s] -- Found rmw_fastrtps_cpp: 6.2.5 (/opt/ros/humble/share/rmw_fastrtps_cpp/cmake)
[7.220s] -- Found OpenSSL: /usr/lib/x86_64-linux-gnu/libcrypto.so (found version "3.0.2")  
[7.303s] -- Found FastRTPS: /opt/ros/humble/include  
[7.432s] -- Using RMW implementation 'rmw_fastrtps_cpp' as default
[7.488s] -- Performing Test CMAKE_HAVE_LIBC_PTHREAD
[7.848s] -- Performing Test CMAKE_HAVE_LIBC_PTHREAD - Success
[7.851s] -- Found Threads: TRUE  
[8.520s] -- Found turtlesim: 1.4.2 (/opt/ros/humble/share/turtlesim/cmake)
[9.044s] -- Found ament_lint_auto: 0.12.9 (/opt/ros/humble/share/ament_lint_auto/cmake)
[9.398s] -- Added test 'cppcheck' to perform static code analysis on C / C++ code
[9.398s] -- Configured cppcheck include dirs: 
[9.398s] -- Configured cppcheck exclude dirs and/or files: 
[9.402s] -- Added test 'lint_cmake' to check CMake code style
[9.409s] -- Added test 'uncrustify' to check C / C++ code style
[9.410s] -- Configured uncrustify additional arguments: 
[9.412s] -- Added test 'xmllint' to check XML markup files
[9.423s] -- Configuring done (9.0s)
[9.476s] -- Generating done (0.0s)
[9.487s] -- Build files have been written to: /home/echo/Desktop/test/build/example
[9.512s] Invoked command in '/home/echo/Desktop/test/build/example' returned '0': CMAKE_PREFIX_PATH=/opt/ros/humble /usr/local/bin/cmake /home/echo/Desktop/test/src/example -DCMAKE_INSTALL_PREFIX=/home/echo/Desktop/test/install/example
[9.514s] Invoking command in '/home/echo/Desktop/test/build/example': CMAKE_PREFIX_PATH=/opt/ros/humble /usr/local/bin/cmake --build /home/echo/Desktop/test/build/example -- -j12 -l12
[9.628s] [ 50%] [32mBuilding CXX object CMakeFiles/example.dir/src/example.cpp.o[0m
[24.793s] [01m[K/home/echo/Desktop/test/src/example/src/example.cpp:[m[K In member function â€˜[01m[Kvoid ExampleNode::callback(turtlesim::msg::Pose_<std::allocator<void> >::SharedPtr)[m[Kâ€™:
[24.794s] [01m[K/home/echo/Desktop/test/src/example/src/example.cpp:21:28:[m[K [01;31m[Kerror: [m[Kâ€˜[01m[Kusing element_type = struct turtlesim::msg::Pose_<std::allocator<void> >[m[Kâ€™ {aka â€˜[01m[Kstruct turtlesim::msg::Pose_<std::allocator<void> >[m[Kâ€™} has no member named â€˜[01m[Kangular[m[Kâ€™
[24.794s]    21 |     double angular_v=pose->[01;31m[Kangular[m[K.z;
[24.794s]       |                            [01;31m[K^~~~~~~[m[K
[24.794s] [01m[K/home/echo/Desktop/test/src/example/src/example.cpp:22:27:[m[K [01;31m[Kerror: [m[Kâ€˜[01m[Kusing element_type = struct turtlesim::msg::Pose_<std::allocator<void> >[m[Kâ€™ {aka â€˜[01m[Kstruct turtlesim::msg::Pose_<std::allocator<void> >[m[Kâ€™} has no member named â€˜[01m[Klinear[m[Kâ€™
[24.794s]    22 |     double linear_v=pose->[01;31m[Klinear[m[K.x;
[24.795s]       |                           [01;31m[K^~~~~~[m[K
[35.871s] gmake[2]: *** [CMakeFiles/example.dir/build.make:76: CMakeFiles/example.dir/src/example.cpp.o] Error 1
[35.872s] gmake[1]: *** [CMakeFiles/Makefile2:137: CMakeFiles/example.dir/all] Error 2
[35.873s] gmake: *** [Makefile:146: all] Error 2
[35.877s] Invoked command in '/home/echo/Desktop/test/build/example' returned '2': CMAKE_PREFIX_PATH=/opt/ros/humble /usr/local/bin/cmake --build /home/echo/Desktop/test/build/example -- -j12 -l12
