[0.181s] Invoking command in '/home/echo/Desktop/test/src/build/example': CMAKE_PREFIX_PATH=/opt/ros/humble /usr/local/bin/cmake --build /home/echo/Desktop/test/src/build/example -- -j12 -l12
[0.261s] -- Found ament_cmake: 1.3.6 (/opt/ros/humble/share/ament_cmake/cmake)
[1.038s] -- Found rclcpp: 16.0.7 (/opt/ros/humble/share/rclcpp/cmake)
[1.266s] -- Found rosidl_generator_c: 3.1.5 (/opt/ros/humble/share/rosidl_generator_c/cmake)
[1.274s] -- Found rosidl_adapter: 3.1.5 (/opt/ros/humble/share/rosidl_adapter/cmake)
[1.302s] -- Found rosidl_generator_cpp: 3.1.5 (/opt/ros/humble/share/rosidl_generator_cpp/cmake)
[1.339s] -- Using all available rosidl_typesupport_c: rosidl_typesupport_fastrtps_c;rosidl_typesupport_introspection_c
[1.399s] -- Using all available rosidl_typesupport_cpp: rosidl_typesupport_fastrtps_cpp;rosidl_typesupport_introspection_cpp
[1.634s] -- Found rmw_implementation_cmake: 6.1.1 (/opt/ros/humble/share/rmw_implementation_cmake/cmake)
[1.636s] -- Found rmw_fastrtps_cpp: 6.2.5 (/opt/ros/humble/share/rmw_fastrtps_cpp/cmake)
[2.060s] -- Using RMW implementation 'rmw_fastrtps_cpp' as default
[2.679s] -- Found turtlesim: 1.4.2 (/opt/ros/humble/share/turtlesim/cmake)
[3.208s] -- Found ament_lint_auto: 0.12.9 (/opt/ros/humble/share/ament_lint_auto/cmake)
[3.563s] -- Added test 'cppcheck' to perform static code analysis on C / C++ code
[3.563s] -- Configured cppcheck include dirs: 
[3.564s] -- Configured cppcheck exclude dirs and/or files: 
[3.565s] -- Added test 'lint_cmake' to check CMake code style
[3.566s] -- Added test 'uncrustify' to check C / C++ code style
[3.567s] -- Configured uncrustify additional arguments: 
[3.567s] -- Added test 'xmllint' to check XML markup files
[3.577s] -- Configuring done (3.3s)
[3.645s] -- Generating done (0.0s)
[3.667s] -- Build files have been written to: /home/echo/Desktop/test/src/build/example
[3.771s] [ 50%] [32mBuilding CXX object CMakeFiles/example.dir/src/example.cpp.o[0m
[4.521s] [01m[K/home/echo/Desktop/test/src/example/src/example.cpp:3:9:[m[K [01;31m[Kfatal error: [m[Kturtlesim/msg/Pose.h: No such file or directory
[4.522s]     3 | #include[01;31m[K"turtlesim/msg/Pose.h"[m[K
[4.522s]       |         [01;31m[K^~~~~~~~~~~~~~~~~~~~~~[m[K
[4.523s] compilation terminated.
[4.532s] gmake[2]: *** [CMakeFiles/example.dir/build.make:76: CMakeFiles/example.dir/src/example.cpp.o] Error 1
[4.536s] gmake[1]: *** [CMakeFiles/Makefile2:137: CMakeFiles/example.dir/all] Error 2
[4.539s] gmake: *** [Makefile:146: all] Error 2
[4.542s] Invoked command in '/home/echo/Desktop/test/src/build/example' returned '2': CMAKE_PREFIX_PATH=/opt/ros/humble /usr/local/bin/cmake --build /home/echo/Desktop/test/src/build/example -- -j12 -l12
