[0.219s] Invoking command in '/home/echo/Desktop/test/src/build/example': CMAKE_PREFIX_PATH=/opt/ros/humble /usr/local/bin/cmake /home/echo/Desktop/test/src/example -DCMAKE_INSTALL_PREFIX=/home/echo/Desktop/test/src/install/example
[0.828s] -- The C compiler identification is GNU 11.4.0
[1.244s] -- The CXX compiler identification is GNU 11.4.0
[1.346s] -- Detecting C compiler ABI info
[1.668s] -- Detecting C compiler ABI info - done
[1.695s] -- Check for working C compiler: /usr/bin/cc - skipped
[1.697s] -- Detecting C compile features
[1.702s] -- Detecting C compile features - done
[1.754s] -- Detecting CXX compiler ABI info
[2.079s] -- Detecting CXX compiler ABI info - done
[2.109s] -- Check for working CXX compiler: /usr/bin/c++ - skipped
[2.111s] -- Detecting CXX compile features
[2.113s] -- Detecting CXX compile features - done
[2.165s] -- Found ament_cmake: 1.3.6 (/opt/ros/humble/share/ament_cmake/cmake)
[4.005s] -- Found Python3: /usr/bin/python3.10 (found version "3.10.12") found components: Interpreter 
[4.536s] -- Found rclcpp: 16.0.7 (/opt/ros/humble/share/rclcpp/cmake)
[4.926s] -- Found rosidl_generator_c: 3.1.5 (/opt/ros/humble/share/rosidl_generator_c/cmake)
[4.952s] -- Found rosidl_adapter: 3.1.5 (/opt/ros/humble/share/rosidl_adapter/cmake)
[5.025s] -- Found rosidl_generator_cpp: 3.1.5 (/opt/ros/humble/share/rosidl_generator_cpp/cmake)
[5.152s] -- Using all available rosidl_typesupport_c: rosidl_typesupport_fastrtps_c;rosidl_typesupport_introspection_c
[5.256s] -- Using all available rosidl_typesupport_cpp: rosidl_typesupport_fastrtps_cpp;rosidl_typesupport_introspection_cpp
[5.658s] -- Found rmw_implementation_cmake: 6.1.1 (/opt/ros/humble/share/rmw_implementation_cmake/cmake)
[5.677s] -- Found rmw_fastrtps_cpp: 6.2.5 (/opt/ros/humble/share/rmw_fastrtps_cpp/cmake)
[6.228s] -- Found OpenSSL: /usr/lib/x86_64-linux-gnu/libcrypto.so (found version "3.0.2")  
[6.325s] -- Found FastRTPS: /opt/ros/humble/include  
[6.476s] -- Using RMW implementation 'rmw_fastrtps_cpp' as default
[6.543s] -- Performing Test CMAKE_HAVE_LIBC_PTHREAD
[6.819s] -- Performing Test CMAKE_HAVE_LIBC_PTHREAD - Success
[6.822s] -- Found Threads: TRUE  
[7.581s] -- Found turtlesim: 1.4.2 (/opt/ros/humble/share/turtlesim/cmake)
[8.217s] -- Found ament_lint_auto: 0.12.9 (/opt/ros/humble/share/ament_lint_auto/cmake)
[8.582s] -- Added test 'cppcheck' to perform static code analysis on C / C++ code
[8.582s] -- Configured cppcheck include dirs: 
[8.582s] -- Configured cppcheck exclude dirs and/or files: 
[8.589s] -- Added test 'lint_cmake' to check CMake code style
[8.594s] -- Added test 'uncrustify' to check C / C++ code style
[8.594s] -- Configured uncrustify additional arguments: 
[8.603s] -- Added test 'xmllint' to check XML markup files
[8.629s] -- Configuring done (8.4s)
[8.671s] -- Generating done (0.0s)
[8.675s] -- Build files have been written to: /home/echo/Desktop/test/src/build/example
[8.717s] Invoked command in '/home/echo/Desktop/test/src/build/example' returned '0': CMAKE_PREFIX_PATH=/opt/ros/humble /usr/local/bin/cmake /home/echo/Desktop/test/src/example -DCMAKE_INSTALL_PREFIX=/home/echo/Desktop/test/src/install/example
[8.718s] Invoking command in '/home/echo/Desktop/test/src/build/example': CMAKE_PREFIX_PATH=/opt/ros/humble /usr/local/bin/cmake --build /home/echo/Desktop/test/src/build/example -- -j12 -l12
[8.846s] [ 50%] [32mBuilding CXX object CMakeFiles/example.dir/src/example.cpp.o[0m
[10.386s] [01m[K/home/echo/Desktop/test/src/example/src/example.cpp:3:9:[m[K [01;31m[Kfatal error: [m[Kturtlesim/msg/Pose.hpp: No such file or directory
[10.386s]     3 | #include[01;31m[K"turtlesim/msg/Pose.hpp"[m[K
[10.386s]       |         [01;31m[K^~~~~~~~~~~~~~~~~~~~~~~~[m[K
[10.387s] compilation terminated.
[10.400s] gmake[2]: *** [CMakeFiles/example.dir/build.make:76: CMakeFiles/example.dir/src/example.cpp.o] Error 1
[10.402s] gmake[1]: *** [CMakeFiles/Makefile2:137: CMakeFiles/example.dir/all] Error 2
[10.402s] gmake: *** [Makefile:146: all] Error 2
[10.413s] Invoked command in '/home/echo/Desktop/test/src/build/example' returned '2': CMAKE_PREFIX_PATH=/opt/ros/humble /usr/local/bin/cmake --build /home/echo/Desktop/test/src/build/example -- -j12 -l12
